# JRE version: OpenJDK Runtime Environment (8.0_232-b09) (build 1.8.0_232-8u232-b09-1~deb9u1-b09)
# Java VM: OpenJDK 64-Bit Server VM (25.232-b09 mixed mode linux-amd64 compressed oops)
Heap:
 PSYoungGen      total 247296K, used 13149K [0x00000000db600000, 0x00000000ec180000, 0x0000000100000000)
  eden space 229376K, 0% used [0x00000000db600000,0x00000000db600000,0x00000000e9600000)
  from space 17920K, 73% used [0x00000000e9600000,0x00000000ea2d75b8,0x00000000ea780000)
  to   space 15872K, 0% used [0x00000000ea780000,0x00000000ea780000,0x00000000eb700000)
 ParOldGen       total 65536K, used 19786K [0x0000000092200000, 0x0000000096200000, 0x00000000db600000)
  object space 65536K, 30% used [0x0000000092200000,0x00000000935528c0,0x0000000096200000)
 Metaspace       used 56228K, capacity 58856K, committed 59008K, reserved 1099776K
  class space    used 7473K, capacity 7962K, committed 8064K, reserved 1048576K
GC Heap History (10 events):
Event: 7,628 GC heap after
Heap after GC invocations=8 (full 1):
 PSYoungGen      total 115712K, used 10228K [0x00000000db600000, 0x00000000e7300000, 0x0000000100000000)
  eden space 105472K, 0% used [0x00000000db600000,0x00000000db600000,0x00000000e1d00000)
  from space 10240K, 99% used [0x00000000e1d00000,0x00000000e26fd310,0x00000000e2700000)
  to   space 12288K, 0% used [0x00000000e6700000,0x00000000e6700000,0x00000000e7300000)
 ParOldGen       total 48128K, used 10467K [0x0000000092200000, 0x0000000095100000, 0x00000000db600000)
  object space 48128K, 21% used [0x0000000092200000,0x0000000092c38cd8,0x0000000095100000)
 Metaspace       used 26573K, capacity 27524K, committed 27648K, reserved 1073152K
  class space    used 3339K, capacity 3552K, committed 3584K, reserved 1048576K
}
Event: 12,077 GC heap before
{Heap before GC invocations=9 (full 1):
 PSYoungGen      total 115712K, used 115683K [0x00000000db600000, 0x00000000e7300000, 0x0000000100000000)
  eden space 105472K, 99% used [0x00000000db600000,0x00000000e1cfbb08,0x00000000e1d00000)
  from space 10240K, 99% used [0x00000000e1d00000,0x00000000e26fd310,0x00000000e2700000)
  to   space 12288K, 0% used [0x00000000e6700000,0x00000000e6700000,0x00000000e7300000)
 ParOldGen       total 48128K, used 10467K [0x0000000092200000, 0x0000000095100000, 0x00000000db600000)
  object space 48128K, 21% used [0x0000000092200000,0x0000000092c38cd8,0x0000000095100000)
 Metaspace       used 32253K, capacity 33876K, committed 34176K, reserved 1079296K
  class space    used 4043K, capacity 4362K, committed 4480K, reserved 1048576K
Event: 12,100 GC heap after
Heap after GC invocations=9 (full 1):
 PSYoungGen      total 178688K, used 12278K [0x00000000db600000, 0x00000000e7e80000, 0x0000000100000000)
  eden space 166400K, 0% used [0x00000000db600000,0x00000000db600000,0x00000000e5880000)
  from space 12288K, 99% used [0x00000000e6700000,0x00000000e72fd978,0x00000000e7300000)
  to   space 14848K, 0% used [0x00000000e5880000,0x00000000e5880000,0x00000000e6700000)
 ParOldGen       total 48128K, used 11436K [0x0000000092200000, 0x0000000095100000, 0x00000000db600000)
  object space 48128K, 23% used [0x0000000092200000,0x0000000092d2b210,0x0000000095100000)
 Metaspace       used 32253K, capacity 33876K, committed 34176K, reserved 1079296K
  class space    used 4043K, capacity 4362K, committed 4480K, reserved 1048576K
}
Event: 13,393 GC heap before
{Heap before GC invocations=10 (full 1):
 PSYoungGen      total 178688K, used 99525K [0x00000000db600000, 0x00000000e7e80000, 0x0000000100000000)
  eden space 166400K, 52% used [0x00000000db600000,0x00000000e0b33b58,0x00000000e5880000)
  from space 12288K, 99% used [0x00000000e6700000,0x00000000e72fd978,0x00000000e7300000)
  to   space 14848K, 0% used [0x00000000e5880000,0x00000000e5880000,0x00000000e6700000)
 ParOldGen       total 48128K, used 11436K [0x0000000092200000, 0x0000000095100000, 0x00000000db600000)
  object space 48128K, 23% used [0x0000000092200000,0x0000000092d2b210,0x0000000095100000)
 Metaspace       used 33684K, capacity 35310K, committed 35416K, reserved 1081344K
  class space    used 4198K, capacity 4507K, committed 4608K, reserved 1048576K
Event: 13,416 GC heap after
Heap after GC invocations=10 (full 1):
 PSYoungGen      total 181248K, used 10555K [0x00000000db600000, 0x00000000eb700000, 0x0000000100000000)
  eden space 166400K, 0% used [0x00000000db600000,0x00000000db600000,0x00000000e5880000)
  from space 14848K, 71% used [0x00000000e5880000,0x00000000e62cecc8,0x00000000e6700000)
  to   space 15872K, 0% used [0x00000000ea780000,0x00000000ea780000,0x00000000eb700000)
 ParOldGen       total 48128K, used 12791K [0x0000000092200000, 0x0000000095100000, 0x00000000db600000)
  object space 48128K, 26% used [0x0000000092200000,0x0000000092e7dc68,0x0000000095100000)
 Metaspace       used 33684K, capacity 35310K, committed 35416K, reserved 1081344K
  class space    used 4198K, capacity 4507K, committed 4608K, reserved 1048576K
}
Event: 13,416 GC heap before
{Heap before GC invocations=11 (full 2):
 PSYoungGen      total 181248K, used 10555K [0x00000000db600000, 0x00000000eb700000, 0x0000000100000000)
  eden space 166400K, 0% used [0x00000000db600000,0x00000000db600000,0x00000000e5880000)
  from space 14848K, 71% used [0x00000000e5880000,0x00000000e62cecc8,0x00000000e6700000)
  to   space 15872K, 0% used [0x00000000ea780000,0x00000000ea780000,0x00000000eb700000)
 ParOldGen       total 48128K, used 12791K [0x0000000092200000, 0x0000000095100000, 0x00000000db600000)
  object space 48128K, 26% used [0x0000000092200000,0x0000000092e7dc68,0x0000000095100000)
 Metaspace       used 33684K, capacity 35310K, committed 35416K, reserved 1081344K
  class space    used 4198K, capacity 4507K, committed 4608K, reserved 1048576K
Event: 13,517 GC heap after
Heap after GC invocations=11 (full 2):
 PSYoungGen      total 181248K, used 0K [0x00000000db600000, 0x00000000eb700000, 0x0000000100000000)
  eden space 166400K, 0% used [0x00000000db600000,0x00000000db600000,0x00000000e5880000)
  from space 14848K, 0% used [0x00000000e5880000,0x00000000e5880000,0x00000000e6700000)
  to   space 15872K, 0% used [0x00000000ea780000,0x00000000ea780000,0x00000000eb700000)
 ParOldGen       total 65536K, used 15781K [0x0000000092200000, 0x0000000096200000, 0x00000000db600000)
  object space 65536K, 24% used [0x0000000092200000,0x0000000093169640,0x0000000096200000)
 Metaspace       used 33684K, capacity 35310K, committed 35416K, reserved 1081344K
  class space    used 4198K, capacity 4507K, committed 4608K, reserved 1048576K
}
Event: 76,629 GC heap before
{Heap before GC invocations=12 (full 2):
 PSYoungGen      total 181248K, used 166400K [0x00000000db600000, 0x00000000eb700000, 0x0000000100000000)
  eden space 166400K, 100% used [0x00000000db600000,0x00000000e5880000,0x00000000e5880000)
  from space 14848K, 0% used [0x00000000e5880000,0x00000000e5880000,0x00000000e6700000)
  to   space 15872K, 0% used [0x00000000ea780000,0x00000000ea780000,0x00000000eb700000)
 ParOldGen       total 65536K, used 15781K [0x0000000092200000, 0x0000000096200000, 0x00000000db600000)
  object space 65536K, 24% used [0x0000000092200000,0x0000000093169640,0x0000000096200000)
 Metaspace       used 48161K, capacity 49964K, committed 50176K, reserved 1093632K
  class space    used 6270K, capacity 6580K, committed 6656K, reserved 1048576K
Event: 80,888 GC heap after
Heap after GC invocations=12 (full 2):
 PSYoungGen      total 245248K, used 15619K [0x00000000db600000, 0x00000000ec180000, 0x0000000100000000)
  eden space 229376K, 0% used [0x00000000db600000,0x00000000db600000,0x00000000e9600000)
  from space 15872K, 98% used [0x00000000ea780000,0x00000000eb6c0f08,0x00000000eb700000)
  to   space 17920K, 0% used [0x00000000e9600000,0x00000000e9600000,0x00000000ea780000)
 ParOldGen       total 65536K, used 15781K [0x0000000092200000, 0x0000000096200000, 0x00000000db600000)
  object space 65536K, 24% used [0x0000000092200000,0x0000000093169640,0x0000000096200000)
 Metaspace       used 48161K, capacity 49964K, committed 50176K, reserved 1093632K
  class space    used 6270K, capacity 6580K, committed 6656K, reserved 1048576K
}
Event: 242,812 GC heap before
{Heap before GC invocations=13 (full 2):
 PSYoungGen      total 245248K, used 202218K [0x00000000db600000, 0x00000000ec180000, 0x0000000100000000)
  eden space 229376K, 81% used [0x00000000db600000,0x00000000e6c39cf0,0x00000000e9600000)
  from space 15872K, 98% used [0x00000000ea780000,0x00000000eb6c0f08,0x00000000eb700000)
  to   space 17920K, 0% used [0x00000000e9600000,0x00000000e9600000,0x00000000ea780000)
 ParOldGen       total 65536K, used 15781K [0x0000000092200000, 0x0000000096200000, 0x00000000db600000)
  object space 65536K, 24% used [0x0000000092200000,0x0000000093169640,0x0000000096200000)
 Metaspace       used 56228K, capacity 58856K, committed 59008K, reserved 1099776K
  class space    used 7473K, capacity 7962K, committed 8064K, reserved 1048576K

